timestamp: 2015-12-10T02:49:13.399273
CREATE TABLE auth_user(
    id INTEGER PRIMARY KEY AUTOINCREMENT,
    first_name CHAR(128),
    last_name CHAR(128),
    email CHAR(512),
    password CHAR(512),
    registration_key CHAR(512),
    reset_password_key CHAR(512),
    registration_id CHAR(512),
    username CHAR(512),
    image CHAR(512),
    College CHAR(512),
    Major CHAR(512),
    Gender CHAR(512)
);
success!
timestamp: 2015-12-10T02:49:13.427589
CREATE TABLE auth_group(
    id INTEGER PRIMARY KEY AUTOINCREMENT,
    role CHAR(512),
    description TEXT
);
success!
timestamp: 2015-12-10T02:49:13.449550
CREATE TABLE auth_membership(
    id INTEGER PRIMARY KEY AUTOINCREMENT,
    user_id INTEGER REFERENCES auth_user (id) ON DELETE CASCADE  ,
    group_id INTEGER REFERENCES auth_group (id) ON DELETE CASCADE  
);
success!
timestamp: 2015-12-10T02:49:13.480867
CREATE TABLE auth_permission(
    id INTEGER PRIMARY KEY AUTOINCREMENT,
    group_id INTEGER REFERENCES auth_group (id) ON DELETE CASCADE  ,
    name CHAR(512),
    table_name CHAR(512),
    record_id INTEGER
);
success!
timestamp: 2015-12-10T02:49:13.505448
CREATE TABLE auth_event(
    id INTEGER PRIMARY KEY AUTOINCREMENT,
    time_stamp TIMESTAMP,
    client_ip CHAR(512),
    user_id INTEGER REFERENCES auth_user (id) ON DELETE CASCADE  ,
    origin CHAR(512),
    description TEXT
);
success!
timestamp: 2015-12-10T02:49:13.549646
CREATE TABLE auth_cas(
    id INTEGER PRIMARY KEY AUTOINCREMENT,
    user_id INTEGER REFERENCES auth_user (id) ON DELETE CASCADE  ,
    created_on TIMESTAMP,
    service CHAR(512),
    ticket CHAR(512),
    renew CHAR(1)
);
success!
timestamp: 2015-12-10T02:49:13.568561
CREATE TABLE images(
    id INTEGER PRIMARY KEY AUTOINCREMENT,
    picture CHAR(512),
    picture_file BLOB
);
success!
timestamp: 2015-12-10T02:49:13.593476
CREATE TABLE bboard(
    id INTEGER PRIMARY KEY AUTOINCREMENT,
    name CHAR(512),
    user_id INTEGER REFERENCES auth_user (id) ON DELETE CASCADE  ,
    phone CHAR(512),
    email CHAR(512),
    category CHAR(512),
    sold CHAR(512),
    date_posted TIMESTAMP,
    title CHAR(512),
    price CHAR(512),
    bbmessage TEXT,
    image CHAR(512)
);
success!
timestamp: 2015-12-10T02:49:13.607834
CREATE TABLE post(
    id INTEGER PRIMARY KEY AUTOINCREMENT,
    author INTEGER REFERENCES auth_user (id) ON DELETE CASCADE  ,
    message_content TEXT,
    is_draft CHAR(1),
    message_id CHAR(512)
);
success!
